2021-10-06 18:05:41 login into 'https://my.bplaced.net/php' with user account 'volker.petersen01@gmail.com' yielded:
Your last sign-in was on 7. October 2021, at 01:05

2021-10-06 18:06:23 login into 'https://my.bplaced.net/php' with user account 'volker.petersen@outlook.com' yielded:
Your last sign-in was on 7. October 2021, at 01:05

2021-11-08 15:58:36 login into 'https://my.bplaced.net/php' with user account 'volker.petersen01@gmail.com' yielded:
Your last sign-in was on 8. November 2021, at 22:58

2021-11-08 15:59:14 login into 'https://my.bplaced.net/php' with user account 'volker.petersen@outlook.com' yielded:
Your last sign-in was on 8. November 2021, at 22:58

2021-12-21 08:45:02 login into 'https://my.bplaced.net/php' with user account 'volker.petersen01@gmail.com' yielded:
Your last sign-in was on 21. December 2021, at 15:44

2021-12-21 08:45:41 login into 'https://my.bplaced.net/php' with user account 'volker.petersen@outlook.com' yielded:
Your last sign-in was on 21. December 2021, at 15:45

2021-12-21 08:45:52 login into 'https://www.pythonanywhere.com/login/?next=/login/' with user account 'volkersailing' yielded:
This site will be disabled on Monday 21 March 2022

2022-01-15 14:29:07 login into 'https://my.bplaced.net/php' with user account 'volker.petersen01@gmail.com' yielded:
Your last sign-in was on 15. January 2022, at 21:28

2022-01-15 14:29:45 login into 'https://my.bplaced.net/php' with user account 'volker.petersen@outlook.com' yielded:
Your last sign-in was on 15. January 2022, at 21:29

2022-01-15 14:29:56 login into 'https://www.pythonanywhere.com/login/?next=/login/' with user account 'volkersailing' yielded:
This site will be disabled on Friday 15 April 2022

2022-02-06 12:50:45 login into 'https://my.bplaced.net/php' with user account 'volker.petersen01@gmail.com' yielded:
Your last sign-in was on 6. February 2022, at 19:50

2022-02-06 12:51:25 login into 'https://my.bplaced.net/php' with user account 'volker.petersen@outlook.com' yielded:
Your last sign-in was on 6. February 2022, at 19:50

2022-02-06 12:51:42 login into 'https://www.pythonanywhere.com/login/?next=/login/' with user account 'volkersailing' yielded:
This site will be disabled on Friday 06 May 2022

2022-03-21 14:08:30 login into 'https://my.bplaced.net/php' with user account 'volker.petersen01@gmail.com' yielded:
Your last sign-in was on 21. March 2022, at 20:08

2022-03-21 14:09:09 login into 'https://my.bplaced.net/php' with user account 'volker.petersen@outlook.com' yielded:
Your last sign-in was on 21. March 2022, at 20:08

2022-03-21 14:09:22 login into 'https://www.pythonanywhere.com/login/?next=/login/' with user account 'volkersailing' yielded:
This site will be disabled on Tuesday 21 June 2022

2022-03-21 14:12:00 login into 'https://my.bplaced.net/php' with user account 'volker.petersen01@gmail.com' yielded:
Your last sign-in was on 21. March 2022, at 20:11

2022-03-21 14:12:39 login into 'https://my.bplaced.net/php' with user account 'volker.petersen@outlook.com' yielded:
Your last sign-in was on 21. March 2022, at 20:12

2022-03-21 14:12:51 login into 'https://www.pythonanywhere.com/login/?next=/login/' with user account 'volkersailing' yielded:
This site will be disabled on Tuesday 21 June 2022

2022-05-21 08:26:21 login into 'https://my.bplaced.net/php' with user account 'volker.petersen01@gmail.com' yielded:
Selenium browser error: 'Message: Failed to decode response from marionette
'.

2022-05-21 08:26:59 login into 'https://my.bplaced.net/php' with user account 'volker.petersen@outlook.com' yielded:
Selenium browser error: 'Message: Failed to decode response from marionette
'.

2022-05-21 08:27:13 login into 'https://www.pythonanywhere.com/login/?next=/login/' with user account 'volkersailing' yielded:
This site will be disabled on Sunday 21 August 2022

2022-05-21 16:25:48 login into 'https://my.bplaced.net/php' with user account 'volker.petersen01@gmail.com' yielded:
Your last sign-in was on 21. May 2022, at 23:25

2022-05-21 16:26:26 login into 'https://my.bplaced.net/php' with user account 'volker.petersen@outlook.com' yielded:
Your last sign-in was on 21. May 2022, at 23:25

2022-05-21 16:36:38 login into 'https://my.bplaced.net/php' with user account 'volker.petersen01@gmail.com' yielded:
Selenium browser error: ''WebDriver' object has no attribute 'findElement''.

2022-05-21 16:36:46 login into 'https://my.bplaced.net/php' with user account 'volker.petersen@outlook.com' yielded:
Selenium browser error: ''WebDriver' object has no attribute 'findElement''.

2022-05-21 16:36:53 login into 'https://www.pythonanywhere.com/login/?next=/login/' with user account 'volkersailing' yielded:
Selenium browser error: ''WebDriver' object has no attribute 'findElement''.

2022-05-21 17:03:00 login into 'https://my.bplaced.net/php' with user account 'volker.petersen01@gmail.com' yielded:
Your last sign-in was on 22. May 2022, at 00:02

2022-05-21 17:03:38 login into 'https://my.bplaced.net/php' with user account 'volker.petersen@outlook.com' yielded:
Your last sign-in was on 22. May 2022, at 00:03

2022-05-21 17:05:17 login into 'https://my.bplaced.net/php' with user account 'volker.petersen01@gmail.com' yielded:
Your last sign-in was on 22. May 2022, at 00:04

2022-05-21 17:05:55 login into 'https://my.bplaced.net/php' with user account 'volker.petersen@outlook.com' yielded:
Your last sign-in was on 22. May 2022, at 00:05

2022-05-21 17:06:07 login into 'https://www.pythonanywhere.com/login/?next=/login/' with user account 'volkersailing' yielded:
This site will be disabled on Sunday 21 August 2022

2022-05-21 17:13:28 login into 'https://my.bplaced.net/php' with user account 'volker.petersen01@gmail.com' yielded:
Your last sign-in was on 22. May 2022, at 00:12

2022-05-21 17:14:07 login into 'https://my.bplaced.net/php' with user account 'volker.petersen@outlook.com' yielded:
Your last sign-in was on 22. May 2022, at 00:13

2022-05-21 17:14:18 login into 'https://www.pythonanywhere.com/login/?next=/login/' with user account 'volkersailing' yielded:
This site will be disabled on Sunday 21 August 2022
