
=================================================
File Renamer App ended: 2022/04/20 at 19:07:56 
=================================================

==> Navigation Tools App launched: 2022/04/20 at 19:07:34 
Using data from the file 'G:\My Drive\Sailing\OpenCPN_Routes\2019_12_NYC_Norfolk'

--------------------------------------------------------------------------------
The 'Navigation Tools App' integrates various tools into one GUI environment.
The tools convert route data between various file formats (gpx, kml, sql, spot).
In addition the software can upload SQL files to the Toern website and compute
route statistics.

OpenCPN to MySQL Waypoint legend:
    Generic WP name options-------> NMxxx, WPxxx, WPTxxx, or 0xxx
    Diamonds/non-Generic WP name--> regular WP on route
    Diamonds/Generic WP name------> non-visible WP on route
    Empty-------------------------> non-visible WP on route
    Circle------------------------> Harbor
    Service-Marina----------------> Harbor
    Anchorage---------------------> Mooring / Anchorage

The program computes the Time, Speed, and Etmals between WPs that
contain a <desc></desc> tag/field with these entry options:
    arrival 2019-09-25 19:30    (arrival date/time at this WP)
    departure 2019-09-26 09:37  (departure date/time from this WP)
    timedleg 2019-09-26 09:37   (arrival and departure at/from this WP)
    poi                         (Point of Interest on route not being listed)
    homeport                    (designates the Waypoint from which a round-trip
                                 toern originates. Add departure and arrival
                                 times using the above keywords in add'l lines)

Yellowbrick Google Earth files are available at "yb.tl/racenamexxxx.kml"
--------------------------------------------------------------------------------

=================================================
File Renamer App ended: 2022/03/05 at 13:03:50 
=================================================

==> Evaluated route 2019_12_NYC_Norfolk

WP Name                 Lat      Lon        Distance    Time    Speed    Etmal
----------------------  -------  -------  ----------  ------  -------  -------
Liberty Landing Marina  40.710N  74.043W        0.00    0.00     0.00     0.00
Little Creek Marina     36.923N  76.187W      301.28   49.25     6.12   146.82

Total Trip Distance:    301.28nm
Timed Legs Distance:    301.28nm     (100.0%)
Average Speed:               6.12kts

==> Navigation Tools App launched: 2022/03/05 at 13:03:32 
Using data from the file 'D:\VolkerPetersen\Google Drive\Sailing\OpenCPN_Routes\2019_12_NYC_Norfolk'

--------------------------------------------------------------------------------
The 'Navigation Tools App' integrates various tools into one GUI environment.
The tools convert route data between various file formats (gpx, kml, sql, spot).
In addition the software can upload SQL files to the Toern website and compute
route statistics.

OpenCPN to MySQL Waypoint legend:
    Generic WP name options-------> NMxxx, WPxxx, WPTxxx, or 0xxx
    Diamonds/non-Generic WP name--> regular WP on route
    Diamonds/Generic WP name------> non-visible WP on route
    Empty-------------------------> non-visible WP on route
    Circle------------------------> Harbor
    Service-Marina----------------> Harbor
    Anchorage---------------------> Mooring / Anchorage

The program computes the Time, Speed, and Etmals between WPs that
contain a <desc></desc> tag/field with these entry options:
    arrival 2019-09-25 19:30    (arrival date/time at this WP)
    departure 2019-09-26 09:37  (departure date/time from this WP)
    timedleg 2019-09-26 09:37   (arrival and departure at/from this WP)
    poi                         (Point of Interest on route not being listed)
    homeport                    (designates the Waypoint from which a round-trip
                                 toern originates. Add departure and arrival
                                 times using the above keywords in add'l lines)

Yellowbrick Google Earth files are available at "yb.tl/racenamexxxx.kml"
--------------------------------------------------------------------------------

=================================================
File Renamer App ended: 2022/01/24 at 15:47:18 
=================================================

==> Evaluated route 1981_04_Baltic

WP Name        Lat      Lon        Distance    Time    Speed    Etmal
-------------  -------  -------  ----------  ------  -------  -------
Heiligenhafen  54.375N  10.986E        0.00    0.00        0        0
Bagenkop       54.752N  10.672E       29.17    0.00        0        0
Nyborg         55.298N  10.782E       41.10    0.00        0        0
Kerteminde     55.452N  10.671E       16.24    0.00        0        0
Spodsberg      54.933N  10.831E       38.37    0.00        0        0
Heiligenhafen  54.375N  10.986E       39.30    0.00        0        0

Total Trip Distance:    164.18nm
Timed Legs Distance:      0.00nm     (0.0%)

==> Navigation Tools App launched: 2022/01/24 at 15:46:43 
Using data from the file 'E:\My Documents\Google Drive\Sailing\OpenCPN_Routes\1981_04_Baltic'

--------------------------------------------------------------------------------
The 'Navigation Tools App' integrates various tools into one GUI environment.
The tools convert route data between various file formats (gpx, kml, sql, spot).
In addition the software can upload SQL files to the Toern website and compute
route statistics.

OpenCPN to MySQL Waypoint legend:
    Generic WP name options-------> NMxxx, WPxxx, WPTxxx, or 0xxx
    Diamonds/non-Generic WP name--> regular WP on route
    Diamonds/Generic WP name------> non-visible WP on route
    Empty-------------------------> non-visible WP on route
    Circle------------------------> Harbor
    Service-Marina----------------> Harbor
    Anchorage---------------------> Mooring / Anchorage

The program computes the Time, Speed, and Etmals between WPs that
contain a <desc></desc> tag/field with these entry options:
    arrival 2019-09-25 19:30    (arrival date/time at this WP)
    departure 2019-09-26 09:37  (departure date/time from this WP)
    timedleg 2019-09-26 09:37   (arrival and departure at/from this WP)
    poi                         (Point of Interest on route not being listed)
    homeport                    (designates the Waypoint from which a round-trip
                                 toern originates. Add departure and arrival
                                 times using the above keywords in add'l lines)

Yellowbrick Google Earth files are available at "yb.tl/racenamexxxx.kml"
--------------------------------------------------------------------------------

=================================================
File Renamer App ended: 2021/12/16 at 09:01:49 
=================================================

==> Evaluated route 2021_Annapolis_to_Antigua

WP Name                  Lat      Lon        Distance    Time    Speed    Etmal
-----------------------  -------  -------  ----------  ------  -------  -------
Annapolis                38.985N  76.476W        0.00    0.00     0.00     0.00
Chesapeake Bay Entrance  36.870N  75.869W      135.06    0.00     0.00     0.00
Antigua West Channel     17.283N  61.808W    1,393.56    0.00     0.00     0.00
Saint John's Harbor      17.019N  61.773W       27.53  360.00     0.08     1.84

Total Trip Distance:  1,556.15nm
Timed Legs Distance:     27.53nm     (1.8%)
Average Speed:               0.08kts

==> Navigation Tools App launched: 2021/12/16 at 09:01:42 
Using data from the file 'E:\My Documents\Google Drive\Sailing\OpenCPN_Routes\2021_Annapolis_to_Antigua'

--------------------------------------------------------------------------------
The 'Navigation Tools App' integrates various tools into one GUI environment.
The tools convert route data between various file formats (gpx, kml, sql, spot).
In addition the software can upload SQL files to the Toern website and compute
route statistics.

OpenCPN to MySQL Waypoint legend:
    Generic WP name options-------> NMxxx, WPxxx, WPTxxx, or 0xxx
    Diamonds/non-Generic WP name--> regular WP on route
    Diamonds/Generic WP name------> non-visible WP on route
    Empty-------------------------> non-visible WP on route
    Circle------------------------> Harbor
    Service-Marina----------------> Harbor
    Anchorage---------------------> Mooring / Anchorage

The program computes the Time, Speed, and Etmals between WPs that
contain a <desc></desc> tag/field with these entry options:
    arrival 2019-09-25 19:30    (arrival date/time at this WP)
    departure 2019-09-26 09:37  (departure date/time from this WP)
    timedleg 2019-09-26 09:37   (arrival and departure at/from this WP)
    poi                         (Point of Interest on route not being listed)
    homeport                    (designates the Waypoint from which a round-trip
                                 toern originates. Add departure and arrival
                                 times using the above keywords in add'l lines)

Yellowbrick Google Earth files are available at "yb.tl/racenamexxxx.kml"
--------------------------------------------------------------------------------
