
=================================================
File Renamer App ended: 2018/01/10 at 22:02:03 
=================================================

==> Set route file to: D:\VolkerPetersen\Google Drive\Sailing\OpenCPN_Routes\2004_Baltic.gpx

Navigation Route Parser App started: 2018/01/10 at 22:01:25 
=================================================
File Renamer App ended: 2017/09/05 at 21:27:15 
=================================================

Navigation Route Parser App started: 2017/09/05 at 21:26:29 
=================================================
File Renamer App ended: 2017/09/04 at 13:27:13 
=================================================

Navigation Route Parser App started: 2017/09/04 at 13:27:08 
=================================================
File Renamer App ended: 2017/08/12 at 16:19:49 
=================================================

==> Set route file to: D:\VolkerPetersen\Google Drive\Sailing\OpenCPN_Routes\2017_08_TransSuperiorRace.gpx

Navigation Route Parser App started: 2017/08/12 at 16:19:10 
=================================================
File Renamer App ended: 2017/08/10 at 20:54:33 
=================================================

Navigation Route Parser App started: 2017/08/10 at 20:54:00 
=================================================
File Renamer App ended: 2017/08/10 at 20:46:32 
=================================================

==> 2017-08-10  20:45:28  upload MySQL file to Website.
Results for ToernDirectoryTable.sql: U p d a t e d   4 2   r e c o r d s   i n   t h e   M y S Q L   D B .
Results for 2017_08_TransSuperiorRace.gpx: U p d a t e d   1 1 3   r e c o r d s   i n   t h e   M y S Q L   D B .

==> 2017-08-10  20:45:55  Route Parsing Function
Done, parsed a total of 113 waypoints from the OpenCPN route file D:\VolkerPetersen\Google Drive\Sailing\OpenCPN_Routes\2017_08_TransSuperiorRace.gpx saved to D:/VolkerPetersen/Google Drive/ProgramCode/PHP_Projects/toerns/sql_files/2017_08_TransSuperiorRace.sql



==> Set route file to: D:\VolkerPetersen\Google Drive\Sailing\OpenCPN_Routes\2017_08_TransSuperiorRace.gpx

Navigation Route Parser App started: 2017/08/10 at 20:45:28 
=================================================
File Renamer App ended: 2017/07/19 at 19:23:41 
=================================================

==> 2017-07-19  19:23:16  upload MySQL file to Website.
Results for ToernDirectoryTable.sql: Updated 42 records in the MySQL DB.
Results for 1981_04_Baltic.sql: Updated 55 records in the MySQL DB.

==> Set route file to: D:\My Documents\Google Drive\ProgramCode\PHP_Projects\toerns\sql_files\1981_04_Baltic.sql

Navigation Route Parser App started: 2017/07/19 at 19:23:16 
=================================================
File Renamer App ended: 2017/07/19 at 08:59:33 
=================================================

==> Set route file to: D:\My Documents\Google Drive\ProgramCode\PHP_Projects\toerns\sql_files\2017_08_TransSuperiorRace.sql

==> Set route file to: D:\My Documents\Google Drive\ProgramCode\PHP_Projects\toerns\sql_files\2017_08_TransSuperiorRace.sql

Navigation Route Parser App started: 2017/07/19 at 08:55:31 
=================================================
File Renamer App ended: 2017/07/18 at 21:23:57 
=================================================

==> Set route file to: D:\VolkerPetersen\Google Drive\ProgramCode\PHP_Projects\toerns\sql_files\2013_07_Hawaii_LA.gpx

==> Set route file to: D:\VolkerPetersen\Google Drive\ProgramCode\PHP_Projects\toerns\sql_files\2013_07_Hawaii_LA.gpx

Navigation Route Parser App started: 2017/07/18 at 21:23:10 
=================================================
File Renamer App ended: 2017/07/18 at 19:57:06 
=================================================

==> 2017-07-18  19:50:43  upload MySQL file to Website.
Results for ToernDirectoryTable.sql: {"bplaced": {"Insert": "{\"msg\":\"MySQL query success. Updated  records in the MySQL DB.\",\"status\":\"success\"}", "Truncate": "{\"msg\":\"MySQL query success. Updated  records in the MySQL DB.\",\"status\":\"success\"}"}, "Hostmonster": {"Insert": 41, "Truncate": 0}}
Results for 2017_08_TransSuperiorRace.sql: {"bplaced": {"Insert": "{\"msg\":\"MySQL query success. Updated  records in the MySQL DB.\",\"status\":\"success\"}", "Truncate": "{\"msg\":\"MySQL query success. Updated  records in the MySQL DB.\",\"status\":\"success\"}"}, "Hostmonster": {"Insert": false, "Truncate": false}}

==> Set route file to: D:\VolkerPetersen\Google Drive\ProgramCode\PHP_Projects\toerns\sql_files\2017_08_TransSuperiorRace.sql

Navigation Route Parser App started: 2017/07/18 at 19:50:43 
=================================================
File Renamer App ended: 2017/07/18 at 19:45:08 
=================================================

==> Set route file to: D:\VolkerPetersen\Google Drive\ProgramCode\PHP_Projects\toerns\sql_files\2017_08_TransSuperiorRace.sql

Navigation Route Parser App started: 2017/07/18 at 19:34:40 
=================================================
File Renamer App ended: 2017/07/18 at 09:25:53 
=================================================

Navigation Route Parser App started: 2017/07/18 at 09:25:05 
=================================================
File Renamer App ended: 2017/07/18 at 09:24:54 
=================================================

Navigation Route Parser App started: 2017/07/18 at 09:24:24 
=================================================
File Renamer App ended: 2017/07/18 at 09:24:05 
=================================================

Navigation Route Parser App started: 2017/07/18 at 09:23:19 
=================================================
File Renamer App ended: 2017/07/18 at 09:23:10 
=================================================


=================================================
File Renamer App ended: 2017/07/18 at 09:20:56 
=================================================

Navigation Route Parser App started: 2017/07/18 at 09:20:20 